Copyright 1986-2020 Xilinx, Inc. All Rights Reserved.
---------------------------------------------------------------------------------------------------------------------------------
| Tool Version : Vivado v.2020.2 (win64) Build 3064766 Wed Nov 18 09:12:45 MST 2020
| Date         : Sat Nov 27 17:23:47 2021
| Host         : Jordis-PC running 64-bit major release  (build 9200)
| Command      : report_drc -file FSMStreetLight_drc_opted.rpt -pb FSMStreetLight_drc_opted.pb -rpx FSMStreetLight_drc_opted.rpx
| Design       : FSMStreetLight
| Device       : xc7a100tcsg324-1
| Speed File   : -1
| Design State : Synthesized
---------------------------------------------------------------------------------------------------------------------------------

Report DRC

Table of Contents
-----------------
1. REPORT SUMMARY
2. REPORT DETAILS

1. REPORT SUMMARY
-----------------
            Netlist: netlist
          Floorplan: design_1
      Design limits: <entire design considered>
           Ruledeck: default
             Max violations: <unlimited>
             Violations found: 3
+-------------+----------+-------------------------------------------------------------+------------+
| Rule        | Severity | Description                                                 | Violations |
+-------------+----------+-------------------------------------------------------------+------------+
| CFGBVS-1    | Warning  | Missing CFGBVS and CONFIG_VOLTAGE Design Properties         | 1          |
| PLHOLDVIO-2 | Warning  | Non-Optimal connections which could lead to hold violations | 2          |
+-------------+----------+-------------------------------------------------------------+------------+

2. REPORT DETAILS
-----------------
CFGBVS-1#1 Warning
Missing CFGBVS and CONFIG_VOLTAGE Design Properties  
Neither the CFGBVS nor CONFIG_VOLTAGE voltage property is set in the current_design.  Configuration bank voltage select (CFGBVS) must be set to VCCO or GND, and CONFIG_VOLTAGE must be set to the correct configuration voltage, in order to determine the I/O voltage support for the pins in bank 0.  It is suggested to specify these either using the 'Edit Device Properties' function in the GUI or directly in the XDC file using the following syntax:

 set_property CFGBVS value1 [current_design]
 #where value1 is either VCCO or GND

 set_property CONFIG_VOLTAGE value2 [current_design]
 #where value2 is the voltage provided to configuration bank 0

Refer to the device configuration user guide for more information.
Related violations: <none>

PLHOLDVIO-2#1 Warning
Non-Optimal connections which could lead to hold violations  
A LUT FSM_onehot_current_state[10]_i_1 is driving clock pin of 11 cells. This could lead to large hold time violations. Involved cells are:
FSM_onehot_current_state_reg[0], FSM_onehot_current_state_reg[10],
FSM_onehot_current_state_reg[1], FSM_onehot_current_state_reg[2],
FSM_onehot_current_state_reg[3], FSM_onehot_current_state_reg[4],
FSM_onehot_current_state_reg[5], FSM_onehot_current_state_reg[6],
FSM_onehot_current_state_reg[7], FSM_onehot_current_state_reg[8]
FSM_onehot_current_state_reg[9]
Related violations: <none>

PLHOLDVIO-2#2 Warning
Non-Optimal connections which could lead to hold violations  
A LUT timertwo[3]_i_3 is driving clock pin of 15 cells. This could lead to large hold time violations. Involved cells are:
timerone_reg[0], timerone_reg[1], timerone_reg[2], timerone_reg[3],
timerone_reg[4], timerthree_reg[0], timerthree_reg[1], timerthree_reg[2],
timerthree_reg[3], timerthree_reg[4], timerthree_reg[5], timertwo_reg[0],
timertwo_reg[1], timertwo_reg[2]
Related violations: <none>


